<?xml version="1.0" encoding="UTF-8"?>
<testng-results ignored="0" total="3" passed="3" failed="0" skipped="0">
  <reporter-output>
  </reporter-output>
  <suite started-at="2023-11-23T17:16:41 IST" name="Default suite" finished-at="2023-11-23T17:18:08 IST" duration-ms="87079">
    <groups>
      <group name="cucumber">
        <method signature="AbstractTestNGCucumberTests.runScenario(io.cucumber.testng.PickleWrapper,io.cucumber.testng.FeatureWrapper)[pri:0, instance:zopper.TestRunner.TestExecutation@7ec7ffd3]" name="runScenario" class="io.cucumber.testng.AbstractTestNGCucumberTests"/>
      </group> <!-- cucumber -->
    </groups>
    <test started-at="2023-11-23T17:16:41 IST" name="Default test" finished-at="2023-11-23T17:18:08 IST" duration-ms="87079">
      <class name="zopper.TestRunner.TestExecutation">
        <test-method is-config="true" signature="setUpClass(org.testng.ITestContext)[pri:0, instance:zopper.TestRunner.TestExecutation@7ec7ffd3]" started-at="2023-11-23T17:16:41 IST" name="setUpClass" finished-at="2023-11-23T17:16:41 IST" duration-ms="360" status="PASS">
          <params>
            <param index="0">
              <value>
                <![CDATA[org.testng.TestRunner@6371cf2f]]>
              </value>
            </param>
          </params>
          <reporter-output>
          </reporter-output>
        </test-method> <!-- setUpClass -->
        <test-method signature="runScenario(io.cucumber.testng.PickleWrapper,io.cucumber.testng.FeatureWrapper)[pri:0, instance:zopper.TestRunner.TestExecutation@7ec7ffd3]" started-at="2023-11-23T17:16:41 IST" name="runScenario" description="Runs Cucumber Scenarios" data-provider="scenarios" finished-at="2023-11-23T17:17:28 IST" duration-ms="46170" status="PASS">
          <params>
            <param index="0">
              <value>
                <![CDATA["Valiadte Usermanagement Dashboard"]]>
              </value>
            </param>
            <param index="1">
              <value>
                <![CDATA["BimaVahak Usermanagement"]]>
              </value>
            </param>
          </params>
          <reporter-output>
          </reporter-output>
        </test-method> <!-- runScenario -->
        <test-method signature="runScenario(io.cucumber.testng.PickleWrapper,io.cucumber.testng.FeatureWrapper)[pri:0, instance:zopper.TestRunner.TestExecutation@7ec7ffd3]" started-at="2023-11-23T17:17:28 IST" name="runScenario" description="Runs Cucumber Scenarios" data-provider="scenarios" finished-at="2023-11-23T17:17:55 IST" duration-ms="27737" status="PASS">
          <params>
            <param index="0">
              <value>
                <![CDATA["Valiadte Usermanagement Dashboard"]]>
              </value>
            </param>
            <param index="1">
              <value>
                <![CDATA["BimaVahak Usermanagement"]]>
              </value>
            </param>
          </params>
          <reporter-output>
          </reporter-output>
        </test-method> <!-- runScenario -->
        <test-method signature="runScenario(io.cucumber.testng.PickleWrapper,io.cucumber.testng.FeatureWrapper)[pri:0, instance:zopper.TestRunner.TestExecutation@7ec7ffd3]" started-at="2023-11-23T17:17:55 IST" name="runScenario" description="Runs Cucumber Scenarios" data-provider="scenarios" finished-at="2023-11-23T17:18:08 IST" duration-ms="12629" status="PASS">
          <params>
            <param index="0">
              <value>
                <![CDATA["Valiadte Graviance Dashboard"]]>
              </value>
            </param>
            <param index="1">
              <value>
                <![CDATA["BimaVahak Usermanagement"]]>
              </value>
            </param>
          </params>
          <reporter-output>
          </reporter-output>
        </test-method> <!-- runScenario -->
        <test-method is-config="true" signature="tearDownClass()[pri:0, instance:zopper.TestRunner.TestExecutation@7ec7ffd3]" started-at="2023-11-23T17:18:08 IST" name="tearDownClass" finished-at="2023-11-23T17:18:08 IST" duration-ms="163" status="PASS">
          <reporter-output>
          </reporter-output>
        </test-method> <!-- tearDownClass -->
      </class> <!-- zopper.TestRunner.TestExecutation -->
    </test> <!-- Default test -->
  </suite> <!-- Default suite -->
</testng-results>
